

18:10:20.189598
Register Request 0


18:10:22.906592
Register Request 1


18:10:22.906707
Register Response 0


18:10:22.906736
Register Response 1


18:10:22.906759
Routing Update
0,0:0,0
0,1:1,80
1,0:0,80
1,1:1,0
Routing Complete


18:10:53.889005
Register Request 0


18:10:55.652363
Register Request 1


18:10:55.652449
Register Response 0


18:10:55.652472
Register Response 1


18:10:55.652494
Routing Update
0,0:0,0
0,1:1,80
1,0:0,80
1,1:1,0
Routing Complete


18:13:07.643927
Register Request 0


18:13:09.331227
Register Request 1


18:13:09.331309
Register Response 0


18:13:09.331336
Register Response 1


18:13:09.331356
Routing Update
0,0:0,0
0,1:1,80
1,0:0,80
1,1:1,0
Routing Complete


18:13:41.542944
Register Request 0


18:13:41.543048
Routing Update
0,0:0,0
0,1:1,80
1,0:0,80
1,1:1,0
Routing Complete


18:13:56.444065
Register Request 0


18:13:56.444138
Routing Update
0,0:0,0
0,1:1,80
1,0:0,80
1,1:1,0
Routing Complete


18:15:13.298268
Register Request 0


18:15:17.531040
Register Request 1


18:15:17.531128
Register Response 0


18:15:17.531152
Register Response 1


18:15:17.531176
Routing Update
0,0:0,0
0,1:1,80
1,0:0,80
1,1:1,0
Routing Complete


18:16:00.595378
Register Request 0


18:16:02.746200
Register Request 1


18:16:02.746287
Register Response 0


18:16:02.746340
Register Response 1


18:16:02.746362
Routing Update
0,0:0,0
0,1:1,80
1,0:0,80
1,1:1,0
Routing Complete


18:16:47.721491
Register Request 0


18:16:49.357586
Register Request 1


18:16:49.357698
Register Response 0


18:16:49.357743
Register Response 1


18:16:49.357779
Routing Update
0,0:0,0
0,1:1,80
1,0:0,80
1,1:1,0
Routing Complete


18:17:38.309833
Register Request 0


18:17:40.188465
Register Request 1


18:17:40.188558
Register Response 0


18:17:40.188586
Register Response 1


18:17:40.188610
Routing Update
0,0:0,0
0,1:1,80
1,0:0,80
1,1:1,0
Routing Complete


18:18:05.054322
Register Request 0


18:18:06.867576
Register Request 1


18:18:06.867667
Register Response 0


18:18:06.867696
Register Response 1


18:18:06.867719
Routing Update
0,0:0,0
0,1:1,80
1,0:0,80
1,1:1,0
Routing Complete


18:18:36.185600
Register Request 0


18:18:37.706802
Register Request 1


18:18:37.706886
Register Response 0


18:18:37.706912
Register Response 1


18:18:37.706942
Routing Update
0,0:0,0
0,1:1,80
1,0:0,80
1,1:1,0
Routing Complete
