

18:10:20.189579
Register Request Sent


18:10:22.906925
Register Response received


18:10:53.888909
Register Request Sent


18:10:55.652596
Register Response received


18:13:07.643842
Register Request Sent


18:13:09.331500
Register Response received


18:13:41.542880
Register Request Sent


18:13:41.543255
Register Response received


18:13:56.444007
Register Request Sent


18:13:56.444324
Register Response received


18:15:13.298214
Register Request Sent


18:15:17.531274
Register Response received


18:16:00.595359
Register Request Sent


18:16:02.746488
Register Response received


18:16:47.721424
Register Request Sent


18:16:49.357842
Register Response received


18:17:38.309775
Register Request Sent


18:17:40.188684
Register Response received


18:18:05.054264
Register Request Sent


18:18:06.867838
Register Response received


18:18:36.185539
Register Request Sent


18:18:37.707053
Register Response received


18:18:37.707125
Routing Update
0,0:0
0,1:1
Routing Complete
