

18:10:22.906578
Register Request Sent


18:10:22.906875
Register Response received


18:10:55.652311
Register Request Sent


18:10:55.652647
Register Response received


18:13:09.331170
Register Request Sent


18:13:09.331524
Register Response received


18:13:44.036172
Register Request Sent


18:15:17.530997
Register Request Sent


18:15:17.531240
Register Response received


18:16:02.746185
Register Request Sent


18:16:02.746496
Register Response received


18:16:49.357529
Register Request Sent


18:16:49.357835
Register Response received


18:17:40.188448
Register Request Sent


18:17:40.188753
Register Response received


18:18:06.867562
Register Request Sent


18:18:06.867870
Register Response received


18:18:37.706785
Register Request Sent


18:18:37.707044
Register Response received


18:18:37.707109
Routing Update
1,0:0
1,1:1
Routing Complete
