1709856118.713304
Configuration File Parsed.
1709856118.7133641
Starting network emulator on  8000.

1709856122.8954453
Dropped Packet from ('127.0.0.1', 8002)

1709856123.55174
Dropped Packet from ('127.0.0.1', 8001)

1709856123.7133913
Current Average Incoming Traffic: 1232.0045822313982 bytes/sec

1709856124.6793017
Dropped Packet from ('127.0.0.1', 8002)

1709856128.7134614
Current Average Incoming Traffic: 2572.2929472520605 bytes/sec

1709856133.7135925
Current Average Incoming Traffic: 3019.9680792685713 bytes/sec

1709856138.7136416
Current Average Incoming Traffic: 3243.4640027882265 bytes/sec

1709856142.0142393
Dropped Packet from ('127.0.0.1', 8001)

1709856143.1415734
Dropped Packet from ('127.0.0.1', 8002)

1709856143.7136843
Current Average Incoming Traffic: 3418.2027072916303 bytes/sec

1709856148.7137687
Current Average Incoming Traffic: 3500.82757664724 bytes/sec

1709856148.7491512
Dropped Packet from ('127.0.0.1', 8001)

1709856149.8765082
Dropped Packet from ('127.0.0.1', 8002)

1709856153.7138152
Current Average Incoming Traffic: 3560.245116027258 bytes/sec

1709856158.1954355
Dropped Packet from ('127.0.0.1', 8002)

1709856158.7138486
Current Average Incoming Traffic: 3604.9355282153765 bytes/sec

1709856163.7139115
Current Average Incoming Traffic: 3662.4485666480514 bytes/sec

1709856166.4090924
Dropped Packet from ('127.0.0.1', 8001)

1709856167.1704583
Dropped Packet from ('127.0.0.1', 8001)

1709856168.7139728
Current Average Incoming Traffic: 3687.699503307552 bytes/sec

1709856173.71406
Current Average Incoming Traffic: 3708.7396001027287 bytes/sec

1709856175.2290385
Dropped Packet from ('127.0.0.1', 8001)

1709856177.5542445
Dropped Packet from ('127.0.0.1', 8001)

1709856178.7141187
Current Average Incoming Traffic: 3725.924012044753 bytes/sec

1709856178.8369985
Dropped Packet from ('127.0.0.1', 8001)

1709856180.9017217
Dropped Packet from ('127.0.0.1', 8001)

1709856183.7141778
Current Average Incoming Traffic: 3756.2185106189118 bytes/sec

1709856185.0509114
Dropped Packet from ('127.0.0.1', 8001)

1709856185.9177654
Dropped Packet from ('127.0.0.1', 8002)

1709856188.7142375
Current Average Incoming Traffic: 3767.7566119565113 bytes/sec

1709856193.714304
Current Average Incoming Traffic: 3777.755409985106 bytes/sec

1709856198.714367
Current Average Incoming Traffic: 3786.5058769524726 bytes/sec

1709856200.4927468
Dropped Packet from ('127.0.0.1', 8002)

1709856203.7144327
Current Average Incoming Traffic: 3806.2729240045023 bytes/sec

1709856206.728999
Dropped Packet from ('127.0.0.1', 8002)

1709856206.969096
Dropped Packet from ('127.0.0.1', 8002)

1709856208.7144926
Current Average Incoming Traffic: 3812.5439549126745 bytes/sec

1709856213.7145543
Current Average Incoming Traffic: 3818.081231909812 bytes/sec

1709856218.714624
Current Average Incoming Traffic: 3823.064553127618 bytes/sec

1709856219.3542423
Dropped Packet from ('127.0.0.1', 8001)

1709856220.6371865
Dropped Packet from ('127.0.0.1', 8001)

1709856223.7147038
Current Average Incoming Traffic: 3837.192230361074 bytes/sec

1709856225.5680094
Dropped Packet from ('127.0.0.1', 8001)

1709856228.7147799
Current Average Incoming Traffic: 3840.8534309255156 bytes/sec

1709856228.9358044
Dropped Packet from ('127.0.0.1', 8001)

1709856233.714858
Current Average Incoming Traffic: 3844.1354281845615 bytes/sec

1709856234.754429
Dropped Packet from ('127.0.0.1', 8002)

1709856238.714934
Current Average Incoming Traffic: 3855.735523165464 bytes/sec

1709856239.425154
Dropped Packet from ('127.0.0.1', 8002)

1709856239.6654332
Dropped Packet from ('127.0.0.1', 8002)

1709856240.8429477
Dropped Packet from ('127.0.0.1', 8001)

1709856242.90747
Dropped Packet from ('127.0.0.1', 8001)

1709856243.714994
Current Average Incoming Traffic: 3858.159762700568 bytes/sec

1709856245.7538316
Dropped Packet from ('127.0.0.1', 8001)

1709856246.515296
Dropped Packet from ('127.0.0.1', 8001)

1709856248.7150555
Current Average Incoming Traffic: 3860.3441719348157 bytes/sec

1709856251.2912478
Dropped Packet from ('127.0.0.1', 8002)

1709856251.4261637
Dropped Packet from ('127.0.0.1', 8001)

1709856253.7151165
Current Average Incoming Traffic: 3870.0035443887855 bytes/sec

1709856255.0543752
Dropped Packet from ('127.0.0.1', 8001)

1709856258.715177
Current Average Incoming Traffic: 3871.7089181371634 bytes/sec

1709856263.6341896
Dropped Packet from ('127.0.0.1', 8001)

1709856263.7152147
Current Average Incoming Traffic: 3873.248391986156 bytes/sec

1709856268.7152863
Current Average Incoming Traffic: 3874.732183690589 bytes/sec

1709856273.7153473
Current Average Incoming Traffic: 3882.726211698002 bytes/sec

1709856275.8625386
Dropped Packet from ('127.0.0.1', 8001)

1709856278.715391
Current Average Incoming Traffic: 3883.820807642385 bytes/sec

1709856279.390989
Test Complete. Terminating...

